<?xml version="1.0" encoding="UTF-8"?>
<!-- Generated by org.testng.reporters.JUnitReportReporter -->
<testsuite skipped="0" hostname="DESKTOP-RCI0U7A" name="hrm.login.Login" tests="2" failures="0" timestamp="31 Oct 2022 13:51:13 GMT" time="7.592" errors="0">
  <testcase name="Login_With_Invalid_Account" time="2.343" classname="hrm.login.Login"/>
  <testcase name="Login_With_Valid_Account" time="5.249" classname="hrm.login.Login"/>
</testsuite> <!-- hrm.login.Login -->
