<?xml version="1.0" encoding="UTF-8"?>
<!-- Generated by org.testng.reporters.JUnitReportReporter -->
<testsuite skipped="0" hostname="DESKTOP-RCI0U7A" name="hrm.login.Dashboard" tests="1" failures="0" timestamp="31 Oct 2022 13:51:13 GMT" time="4.383" errors="0">
  <testcase name="Add_New_Employee" time="4.383" classname="hrm.login.Dashboard"/>
</testsuite> <!-- hrm.login.Dashboard -->
